<?xml version="1.0" encoding="UTF-8"?>
<testsuite xmlns:xsi="http://www.w3.org/2001/XMLSchema-instance" xsi:noNamespaceSchemaLocation="https://maven.apache.org/surefire/maven-surefire-plugin/xsd/surefire-test-report.xsd" version="3.0.2" name="CameraLiDarFusionTests" time="0.061" tests="3" errors="0" skipped="0" failures="0">
  <properties>
    <property name="java.specification.version" value="22"/>
    <property name="sun.cpu.isalist" value="amd64"/>
    <property name="sun.jnu.encoding" value="Cp1255"/>
    <property name="java.class.path" value="C:\Users\liron\OneDrive\Desktop\בית ספר\תכנות מערכות\Assignment 2\SPL-A2\target\test-classes;C:\Users\liron\OneDrive\Desktop\בית ספר\תכנות מערכות\Assignment 2\SPL-A2\target\classes;C:\Users\liron\.m2\repository\com\google\code\gson\gson\2.11.0\gson-2.11.0.jar;C:\Users\liron\.m2\repository\com\google\errorprone\error_prone_annotations\2.27.0\error_prone_annotations-2.27.0.jar;C:\Users\liron\.m2\repository\org\junit\jupiter\junit-jupiter-api\5.11.4\junit-jupiter-api-5.11.4.jar;C:\Users\liron\.m2\repository\org\opentest4j\opentest4j\1.3.0\opentest4j-1.3.0.jar;C:\Users\liron\.m2\repository\org\junit\platform\junit-platform-commons\1.11.4\junit-platform-commons-1.11.4.jar;C:\Users\liron\.m2\repository\org\apiguardian\apiguardian-api\1.1.2\apiguardian-api-1.1.2.jar;C:\Users\liron\.m2\repository\org\junit\jupiter\junit-jupiter-engine\5.11.4\junit-jupiter-engine-5.11.4.jar;C:\Users\liron\.m2\repository\org\junit\platform\junit-platform-engine\1.11.4\junit-platform-engine-1.11.4.jar;C:\Users\liron\.m2\repository\com\fasterxml\jackson\core\jackson-databind\2.13.3\jackson-databind-2.13.3.jar;C:\Users\liron\.m2\repository\com\fasterxml\jackson\core\jackson-annotations\2.13.3\jackson-annotations-2.13.3.jar;C:\Users\liron\.m2\repository\com\fasterxml\jackson\core\jackson-core\2.13.3\jackson-core-2.13.3.jar;"/>
    <property name="java.vm.vendor" value="Oracle Corporation"/>
    <property name="sun.arch.data.model" value="64"/>
    <property name="user.variant" value=""/>
    <property name="java.vendor.url" value="https://java.oracle.com/"/>
    <property name="user.timezone" value="Asia/Jerusalem"/>
    <property name="os.name" value="Windows 11"/>
    <property name="java.vm.specification.version" value="22"/>
    <property name="sun.java.launcher" value="SUN_STANDARD"/>
    <property name="user.country" value="IL"/>
    <property name="sun.boot.library.path" value="C:\Program Files\Java\jdk-22\bin"/>
    <property name="sun.java.command" value="C:\Users\liron\AppData\Local\Temp\surefire8928127455172075743\surefirebooter-20250120220725895_3.jar C:\Users\liron\AppData\Local\Temp\surefire8928127455172075743 2025-01-20T22-07-25_756-jvmRun1 surefire-20250120220725895_1tmp surefire_0-20250120220725895_2tmp"/>
    <property name="jdk.debug" value="release"/>
    <property name="surefire.test.class.path" value="C:\Users\liron\OneDrive\Desktop\בית ספר\תכנות מערכות\Assignment 2\SPL-A2\target\test-classes;C:\Users\liron\OneDrive\Desktop\בית ספר\תכנות מערכות\Assignment 2\SPL-A2\target\classes;C:\Users\liron\.m2\repository\com\google\code\gson\gson\2.11.0\gson-2.11.0.jar;C:\Users\liron\.m2\repository\com\google\errorprone\error_prone_annotations\2.27.0\error_prone_annotations-2.27.0.jar;C:\Users\liron\.m2\repository\org\junit\jupiter\junit-jupiter-api\5.11.4\junit-jupiter-api-5.11.4.jar;C:\Users\liron\.m2\repository\org\opentest4j\opentest4j\1.3.0\opentest4j-1.3.0.jar;C:\Users\liron\.m2\repository\org\junit\platform\junit-platform-commons\1.11.4\junit-platform-commons-1.11.4.jar;C:\Users\liron\.m2\repository\org\apiguardian\apiguardian-api\1.1.2\apiguardian-api-1.1.2.jar;C:\Users\liron\.m2\repository\org\junit\jupiter\junit-jupiter-engine\5.11.4\junit-jupiter-engine-5.11.4.jar;C:\Users\liron\.m2\repository\org\junit\platform\junit-platform-engine\1.11.4\junit-platform-engine-1.11.4.jar;C:\Users\liron\.m2\repository\com\fasterxml\jackson\core\jackson-databind\2.13.3\jackson-databind-2.13.3.jar;C:\Users\liron\.m2\repository\com\fasterxml\jackson\core\jackson-annotations\2.13.3\jackson-annotations-2.13.3.jar;C:\Users\liron\.m2\repository\com\fasterxml\jackson\core\jackson-core\2.13.3\jackson-core-2.13.3.jar;"/>
    <property name="sun.cpu.endian" value="little"/>
    <property name="user.home" value="C:\Users\liron"/>
    <property name="user.language" value="he"/>
    <property name="java.specification.vendor" value="Oracle Corporation"/>
    <property name="java.version.date" value="2024-04-16"/>
    <property name="java.home" value="C:\Program Files\Java\jdk-22"/>
    <property name="file.separator" value="\"/>
    <property name="basedir" value="C:\Users\liron\OneDrive\Desktop\בית ספר\תכנות מערכות\Assignment 2\SPL-A2"/>
    <property name="java.vm.compressedOopsMode" value="Zero based"/>
    <property name="line.separator" value="&#10;"/>
    <property name="java.vm.specification.vendor" value="Oracle Corporation"/>
    <property name="java.specification.name" value="Java Platform API Specification"/>
    <property name="surefire.real.class.path" value="C:\Users\liron\AppData\Local\Temp\surefire8928127455172075743\surefirebooter-20250120220725895_3.jar"/>
    <property name="user.script" value=""/>
    <property name="sun.management.compiler" value="HotSpot 64-Bit Tiered Compilers"/>
    <property name="java.runtime.version" value="22.0.1+8-16"/>
    <property name="user.name" value="liron"/>
    <property name="stdout.encoding" value="Cp1255"/>
    <property name="path.separator" value=";"/>
    <property name="os.version" value="10.0"/>
    <property name="java.runtime.name" value="Java(TM) SE Runtime Environment"/>
    <property name="file.encoding" value="UTF-8"/>
    <property name="java.vm.name" value="Java HotSpot(TM) 64-Bit Server VM"/>
    <property name="localRepository" value="C:\Users\liron\.m2\repository"/>
    <property name="java.vendor.url.bug" value="https://bugreport.java.com/bugreport/"/>
    <property name="java.io.tmpdir" value="C:\Users\liron\AppData\Local\Temp\"/>
    <property name="java.version" value="22.0.1"/>
    <property name="user.dir" value="C:\Users\liron\OneDrive\Desktop\בית ספר\תכנות מערכות\Assignment 2\SPL-A2"/>
    <property name="os.arch" value="amd64"/>
    <property name="java.vm.specification.name" value="Java Virtual Machine Specification"/>
    <property name="sun.os.patch.level" value=""/>
    <property name="native.encoding" value="Cp1255"/>
    <property name="java.library.path" value="C:\Program Files\Java\jdk-22\bin;C:\WINDOWS\Sun\Java\bin;C:\WINDOWS\system32;C:\WINDOWS;C:\Program Files (x86)\Common Files\Intel\Shared Libraries\redist\intel64\compiler;C:\Program Files\Common Files\Oracle\Java\javapath;C:\Windows\system32;C:\Windows;C:\Windows\System32\Wbem;C:\Windows\System32\WindowsPowerShell\v1.0\;C:\Windows\System32\OpenSSH\;C:\Program Files\dotnet\;C:\Program Files (x86)\NVIDIA Corporation\PhysX\Common;C:\Program Files\Crucial\Crucial Storage Executive;C:\Program Files\Git\cmd;C:\Program Files\NVIDIA Corporation\NVIDIA app\NvDLISR;C:\Program Files\Docker\Docker\resources\bin;C:\WINDOWS\system32;C:\WINDOWS;C:\WINDOWS\System32\Wbem;C:\WINDOWS\System32\WindowsPowerShell\v1.0\;C:\WINDOWS\System32\OpenSSH\;C:\Programs\Maven\bin;C:\Users\liron\AppData\Local\Programs\Python\Launcher\;C:\Users\liron\AppData\Local\Microsoft\WindowsApps;C:\Users\liron\AppData\Local\GitHubDesktop\bin;C:\Program Files\JetBrains\PyCharm 2024.3\bin;;C:\Programs\JetBrains\IntelliJ IDEA 2024.1.1\bin;;C:\Programs\JetBrains\CLion 2024.1.3\bin;;C:\Users\liron\AppData\Local\Programs\Microsoft VS Code\bin;C:\Programs\Maven\bin;;c:\Users\liron\AppData\Roaming\Code\User\globalStorage\github.copilot-chat\debugCommand;."/>
    <property name="java.vm.info" value="mixed mode, sharing"/>
    <property name="stderr.encoding" value="Cp1255"/>
    <property name="java.vendor" value="Oracle Corporation"/>
    <property name="java.vm.version" value="22.0.1+8-16"/>
    <property name="sun.io.unicode.encoding" value="UnicodeLittle"/>
    <property name="java.class.version" value="66.0"/>
  </properties>
  <testcase name="testCameraService" classname="CameraLiDarFusionTests" time="0.02">
    <system-out><![CDATA[Camera initialized with an empty detectedObjectsList
Camera: Retrieving detected objects for tick: 1
Camera: Retrieving detected objects for tick: 1
Camera: Retrieving detected objects for tick: 1
Camera: Retrieving detected objects for tick: 1
Camera: Retrieving detected objects for tick: 1
Searching detected objects for time: 1, frequency: 1
Found matching detected object for time: 1, objectTime: 1
Adding 3 detected objects
Searching detected objects for time: 2, frequency: 1
No matching detected object found for time: 2
Searching detected objects for time: 3, frequency: 1
Found matching detected object for time: 3, objectTime: 3
Adding 2 detected objects
]]></system-out>
  </testcase>
  <testcase name="testLiDarService" classname="CameraLiDarFusionTests" time="0.002"/>
  <testcase name="testFusionSlam" classname="CameraLiDarFusionTests" time="0.009">
    <system-out><![CDATA[FusionSlam: Updating map with 5 tracked objects.
FusionSlam: Creating new landmark for ID: shelf_1
FusionSlam: Attempting to add coordinate to landmark: shelf_1 at time: 1
FusionSlam: Creating new landmark for ID: Toy_1
FusionSlam: Attempting to add coordinate to landmark: Toy_1 at time: 3
FusionSlam: Creating new landmark for ID: Toy_2
FusionSlam: Attempting to add coordinate to landmark: Toy_2 at time: 1
FusionSlam: Added corrected coordinate to landmark: shelf_1
FusionSlam: Creating new landmark for ID: shelf_2
FusionSlam: Added corrected coordinate to landmark: Toy_1
FusionSlam: Attempting to add coordinate to landmark: shelf_2 at time: 3
FusionSlam: Attempting to add coordinate to landmark: Toy_1 at time: 3
FusionSlam: Added corrected coordinate to landmark: Toy_2
FusionSlam: Added corrected coordinate to landmark: shelf_2
FusionSlam: Added corrected coordinate to landmark: Toy_1
]]></system-out>
  </testcase>
</testsuite>